# JRE version: Java(TM) SE Runtime Environment (17.0.2+8) (build 17.0.2+8-LTS-86)
# Java VM: Java HotSpot(TM) 64-Bit Server VM (17.0.2+8-LTS-86, mixed mode, sharing, tiered, compressed oops, compressed class ptrs, g1 gc, windows-amd64)
GC Precious Log:
 CPUs: 4 total, 4 available
 Memory: 16249M
 Large Page Support: Disabled
 NUMA Support: Disabled
 Compressed Oops: Enabled (Zero based)
 Heap Region Size: 2M
 Heap Min Capacity: 8M
 Heap Initial Capacity: 254M
 Heap Max Capacity: 4064M
 Pre-touch: Disabled
 Parallel Workers: 4
 Concurrent Workers: 1
 Concurrent Refinement Workers: 4
 Periodic GC: Disabled
Heap:
 garbage-first heap   total 260096K, used 42596K [0x0000000702000000, 0x0000000800000000)
  region size 2048K, 2 young (4096K), 2 survivors (4096K)
 Metaspace       used 6965K, committed 7104K, reserved 1056768K
  class space    used 757K, committed 832K, reserved 1048576K
GC Heap History (11 events):
Event: 3.493 GC heap before
{Heap before GC invocations=0 (full 0):
 garbage-first heap   total 260096K, used 51200K [0x0000000702000000, 0x0000000800000000)
  region size 2048K, 6 young (12288K), 0 survivors (0K)
 Metaspace       used 6830K, committed 6976K, reserved 1056768K
  class space    used 751K, committed 832K, reserved 1048576K
}
Event: 3.499 GC heap after
{Heap after GC invocations=1 (full 0):
 garbage-first heap   total 260096K, used 9763K [0x0000000702000000, 0x0000000800000000)
  region size 2048K, 1 young (2048K), 1 survivors (2048K)
 Metaspace       used 6830K, committed 6976K, reserved 1056768K
  class space    used 751K, committed 832K, reserved 1048576K
}
Event: 3.570 GC heap before
{Heap before GC invocations=1 (full 0):
 garbage-first heap   total 260096K, used 20003K [0x0000000702000000, 0x0000000800000000)
  region size 2048K, 6 young (12288K), 1 survivors (2048K)
 Metaspace       used 6840K, committed 6976K, reserved 1056768K
  class space    used 751K, committed 832K, reserved 1048576K
}
Event: 3.578 GC heap after
{Heap after GC invocations=2 (full 0):
 garbage-first heap   total 260096K, used 12673K [0x0000000702000000, 0x0000000800000000)
  region size 2048K, 1 young (2048K), 1 survivors (2048K)
 Metaspace       used 6840K, committed 6976K, reserved 1056768K
  class space    used 751K, committed 832K, reserved 1048576K
}
Event: 3.645 GC heap before
{Heap before GC invocations=2 (full 0):
 garbage-first heap   total 260096K, used 31105K [0x0000000702000000, 0x0000000800000000)
  region size 2048K, 10 young (20480K), 1 survivors (2048K)
 Metaspace       used 6841K, committed 6976K, reserved 1056768K
  class space    used 752K, committed 832K, reserved 1048576K
}
Event: 3.654 GC heap after
{Heap after GC invocations=3 (full 0):
 garbage-first heap   total 260096K, used 17820K [0x0000000702000000, 0x0000000800000000)
  region size 2048K, 2 young (4096K), 2 survivors (4096K)
 Metaspace       used 6841K, committed 6976K, reserved 1056768K
  class space    used 752K, committed 832K, reserved 1048576K
}
Event: 3.707 GC heap before
{Heap before GC invocations=3 (full 0):
 garbage-first heap   total 260096K, used 50588K [0x0000000702000000, 0x0000000800000000)
  region size 2048K, 18 young (36864K), 2 survivors (4096K)
 Metaspace       used 6843K, committed 6976K, reserved 1056768K
  class space    used 752K, committed 832K, reserved 1048576K
}
Event: 3.720 GC heap after
{Heap after GC invocations=4 (full 0):
 garbage-first heap   total 260096K, used 27182K [0x0000000702000000, 0x0000000800000000)
  region size 2048K, 3 young (6144K), 3 survivors (6144K)
 Metaspace       used 6843K, committed 6976K, reserved 1056768K
  class space    used 752K, committed 832K, reserved 1048576K
}
Event: 3.765 GC heap before
{Heap before GC invocations=4 (full 0):
 garbage-first heap   total 260096K, used 70190K [0x0000000702000000, 0x0000000800000000)
  region size 2048K, 24 young (49152K), 3 survivors (6144K)
 Metaspace       used 6844K, committed 6976K, reserved 1056768K
  class space    used 752K, committed 832K, reserved 1048576K
}
Event: 3.781 GC heap after
{Heap after GC invocations=5 (full 0):
 garbage-first heap   total 260096K, used 39803K [0x0000000702000000, 0x0000000800000000)
  region size 2048K, 3 young (6144K), 3 survivors (6144K)
 Metaspace       used 6844K, committed 6976K, reserved 1056768K
  class space    used 752K, committed 832K, reserved 1048576K
}
Event: 18.181 GC heap before
{Heap before GC invocations=5 (full 0):
 garbage-first heap   total 260096K, used 93051K [0x0000000702000000, 0x0000000800000000)
  region size 2048K, 29 young (59392K), 3 survivors (6144K)
 Metaspace       used 6965K, committed 7104K, reserved 1056768K
  class space    used 757K, committed 832K, reserved 1048576K
}

